2016-01-25 12:56:43,982 ERROR [Worker-45] - System.err - [Fatal Error] index.html:1:3: 문서 유형 선언을 포함하거나 문서 유형 선언이 가리키는 마크업 선언은 올바른 형식이어야 합니다.
2016-01-25 12:56:44,547 ERROR [Worker-45] - System.err - [Fatal Error] index.html:1:3: 문서 유형 선언을 포함하거나 문서 유형 선언이 가리키는 마크업 선언은 올바른 형식이어야 합니다.
2016-01-25 12:56:45,590 ERROR [Worker-56] - System.err - [Fatal Error] index.html:1:3: 문서 유형 선언을 포함하거나 문서 유형 선언이 가리키는 마크업 선언은 올바른 형식이어야 합니다.
2016-01-25 12:56:46,118 ERROR [Worker-56] - System.err - [Fatal Error] index.html:1:3: 문서 유형 선언을 포함하거나 문서 유형 선언이 가리키는 마크업 선언은 올바른 형식이어야 합니다.
2016-01-25 12:56:49,979 ERROR [Worker-45] - System.err - [Fatal Error] index.html:1:3: 문서 유형 선언을 포함하거나 문서 유형 선언이 가리키는 마크업 선언은 올바른 형식이어야 합니다.
2016-01-25 12:56:50,609 ERROR [Worker-45] - System.err - [Fatal Error] index.html:1:3: 문서 유형 선언을 포함하거나 문서 유형 선언이 가리키는 마크업 선언은 올바른 형식이어야 합니다.
2016-01-25 12:56:51,127 ERROR [Worker-45] - System.err - [Fatal Error] index.html:1:3: 문서 유형 선언을 포함하거나 문서 유형 선언이 가리키는 마크업 선언은 올바른 형식이어야 합니다.
2016-01-25 12:56:51,581 ERROR [Worker-45] - System.err - [Fatal Error] index.html:1:3: 문서 유형 선언을 포함하거나 문서 유형 선언이 가리키는 마크업 선언은 올바른 형식이어야 합니다.
2016-01-25 12:56:52,072 ERROR [Worker-50] - System.err - [Fatal Error] index.html:1:3: 문서 유형 선언을 포함하거나 문서 유형 선언이 가리키는 마크업 선언은 올바른 형식이어야 합니다.
2016-01-25 12:56:52,590 ERROR [Worker-50] - System.err - [Fatal Error] index.html:1:3: 문서 유형 선언을 포함하거나 문서 유형 선언이 가리키는 마크업 선언은 올바른 형식이어야 합니다.
2016-01-25 12:57:08,990 ERROR [Worker-55] - System.err - [Fatal Error] index.html:1:3: 문서 유형 선언을 포함하거나 문서 유형 선언이 가리키는 마크업 선언은 올바른 형식이어야 합니다.
2016-01-25 12:57:09,512 ERROR [Worker-55] - System.err - [Fatal Error] index.html:1:3: 문서 유형 선언을 포함하거나 문서 유형 선언이 가리키는 마크업 선언은 올바른 형식이어야 합니다.
2016-01-25 12:57:10,032 ERROR [Worker-55] - System.err - [Fatal Error] index.html:1:3: 문서 유형 선언을 포함하거나 문서 유형 선언이 가리키는 마크업 선언은 올바른 형식이어야 합니다.
2016-01-25 12:57:10,556 ERROR [Worker-55] - System.err - [Fatal Error] index.html:1:3: 문서 유형 선언을 포함하거나 문서 유형 선언이 가리키는 마크업 선언은 올바른 형식이어야 합니다.
2016-01-25 12:57:11,079 ERROR [Worker-54] - System.err - [Fatal Error] index.html:1:3: 문서 유형 선언을 포함하거나 문서 유형 선언이 가리키는 마크업 선언은 올바른 형식이어야 합니다.
2016-01-25 12:57:11,603 ERROR [Worker-54] - System.err - [Fatal Error] index.html:1:3: 문서 유형 선언을 포함하거나 문서 유형 선언이 가리키는 마크업 선언은 올바른 형식이어야 합니다.
2016-01-25 12:57:26,120 ERROR [Worker-56] - System.err - [Fatal Error] index.html:1:3: 문서 유형 선언을 포함하거나 문서 유형 선언이 가리키는 마크업 선언은 올바른 형식이어야 합니다.
2016-01-25 12:57:26,651 ERROR [Worker-56] - System.err - [Fatal Error] index.html:1:3: 문서 유형 선언을 포함하거나 문서 유형 선언이 가리키는 마크업 선언은 올바른 형식이어야 합니다.
2016-01-25 12:57:27,164 ERROR [Worker-56] - System.err - [Fatal Error] index.html:1:3: 문서 유형 선언을 포함하거나 문서 유형 선언이 가리키는 마크업 선언은 올바른 형식이어야 합니다.
2016-01-25 12:57:27,656 ERROR [Worker-56] - System.err - [Fatal Error] index.html:1:3: 문서 유형 선언을 포함하거나 문서 유형 선언이 가리키는 마크업 선언은 올바른 형식이어야 합니다.
2016-01-25 12:57:28,420 ERROR [Worker-56] - System.err - [Fatal Error] index.html:1:3: 문서 유형 선언을 포함하거나 문서 유형 선언이 가리키는 마크업 선언은 올바른 형식이어야 합니다.
2016-01-25 12:57:28,937 ERROR [Worker-56] - System.err - [Fatal Error] index.html:1:3: 문서 유형 선언을 포함하거나 문서 유형 선언이 가리키는 마크업 선언은 올바른 형식이어야 합니다.
2016-01-25 23:11:28,008 ERROR [Worker-26] - System.err - [Fatal Error] :8:27: "aop:aspectj-autoproxy" 요소에 대한 "aop" 접두어가 바인드되지 않았습니다.
2016-01-25 23:11:38,897 ERROR [Worker-32] - System.err - [Fatal Error] :9:2: 요소 유형 "null"과(와) 연관된 "xsi:schemaLocation" 속성의 값에는 '<' 문자가 포함되지 않아야 합니다.
2016-01-25 23:12:00,769 ERROR [Worker-29] - System.err - [Fatal Error] :6:8: 요소 유형 "beans" 다음에는 속성 사양 ">" 또는 "/>"가 와야 합니다.
2016-01-25 23:12:00,769 ERROR [Worker-29] - System.err - [Fatal Error] :6:8: 요소 유형 "beans" 다음에는 속성 사양 ">" 또는 "/>"가 와야 합니다.
2016-01-25 23:12:04,037 ERROR [Worker-27] - System.err - [Fatal Error] :6:8: 요소 유형 "beans" 다음에는 속성 사양 ">" 또는 "/>"가 와야 합니다.
2016-01-25 23:12:04,039 ERROR [Worker-27] - System.err - [Fatal Error] :6:8: 요소 유형 "beans" 다음에는 속성 사양 ">" 또는 "/>"가 와야 합니다.
2016-01-25 23:12:09,243 ERROR [Worker-30] - System.err - [Fatal Error] :6:8: 요소 유형 "beans" 다음에는 속성 사양 ">" 또는 "/>"가 와야 합니다.
2016-01-25 23:12:09,245 ERROR [Worker-30] - System.err - [Fatal Error] :6:8: 요소 유형 "beans" 다음에는 속성 사양 ">" 또는 "/>"가 와야 합니다.
2016-01-25 23:12:14,220 ERROR [Worker-31] - System.err - [Fatal Error] :6:8: 요소 유형 "beans" 다음에는 속성 사양 ">" 또는 "/>"가 와야 합니다.
2016-01-25 23:12:14,221 ERROR [Worker-31] - System.err - [Fatal Error] :6:8: 요소 유형 "beans" 다음에는 속성 사양 ">" 또는 "/>"가 와야 합니다.
2016-01-25 23:12:19,996 ERROR [Worker-26] - System.err - [Fatal Error] :6:8: 요소 유형 "beans" 다음에는 속성 사양 ">" 또는 "/>"가 와야 합니다.
2016-01-25 23:12:22,564 ERROR [Worker-27] - System.err - [Fatal Error] :7:8: 요소 유형 "beans" 다음에는 속성 사양 ">" 또는 "/>"가 와야 합니다.
2016-01-25 23:12:22,565 ERROR [Worker-27] - System.err - [Fatal Error] :7:8: 요소 유형 "beans" 다음에는 속성 사양 ">" 또는 "/>"가 와야 합니다.
2016-01-25 23:12:26,492 ERROR [Worker-30] - System.err - [Fatal Error] :7:8: 요소 유형 "beans" 다음에는 속성 사양 ">" 또는 "/>"가 와야 합니다.
2016-01-25 23:12:26,493 ERROR [Worker-30] - System.err - [Fatal Error] :7:8: 요소 유형 "beans" 다음에는 속성 사양 ">" 또는 "/>"가 와야 합니다.
2016-01-25 23:12:28,956 ERROR [Worker-28] - System.err - [Fatal Error] :7:8: 요소 유형 "beans" 다음에는 속성 사양 ">" 또는 "/>"가 와야 합니다.
2016-01-25 23:12:28,957 ERROR [Worker-28] - System.err - [Fatal Error] :7:8: 요소 유형 "beans" 다음에는 속성 사양 ">" 또는 "/>"가 와야 합니다.
2016-01-25 23:12:39,647 ERROR [Worker-23] - System.err - [Fatal Error] :7:8: 요소 유형 "beans" 다음에는 속성 사양 ">" 또는 "/>"가 와야 합니다.
2016-01-25 23:12:39,648 ERROR [Worker-23] - System.err - [Fatal Error] :7:8: 요소 유형 "beans" 다음에는 속성 사양 ">" 또는 "/>"가 와야 합니다.
2016-01-25 23:12:43,831 ERROR [Worker-32] - System.err - [Fatal Error] :7:10: 요소 유형 "beans" 다음에는 속성 사양 ">" 또는 "/>"가 와야 합니다.
2016-01-25 23:12:43,832 ERROR [Worker-32] - System.err - [Fatal Error] :7:10: 요소 유형 "beans" 다음에는 속성 사양 ">" 또는 "/>"가 와야 합니다.
2016-01-25 23:13:36,688 ERROR [Worker-26] - System.err - [Fatal Error] :10:27: "aop:aspectj-autoproxy" 요소에 대한 "aop" 접두어가 바인드되지 않았습니다.
2016-01-25 23:13:36,689 ERROR [Worker-26] - System.err - [Fatal Error] :10:27: "aop:aspectj-autoproxy" 요소에 대한 "aop" 접두어가 바인드되지 않았습니다.
2016-01-25 23:13:53,957 ERROR [Worker-28] - System.err - [Fatal Error] :10:27: "aop:aspectj-autoproxy" 요소에 대한 "aop" 접두어가 바인드되지 않았습니다.
2016-01-25 23:13:53,967 ERROR [Worker-28] - System.err - [Fatal Error] :10:27: "aop:aspectj-autoproxy" 요소에 대한 "aop" 접두어가 바인드되지 않았습니다.
2016-01-25 23:14:04,142 ERROR [Worker-32] - System.err - [Fatal Error] :10:27: "aop:aspectj-autoproxy" 요소에 대한 "aop" 접두어가 바인드되지 않았습니다.
2016-01-25 23:15:11,227 ERROR [Worker-30] - System.err - [Fatal Error] :11:77: "beans:bean" 요소에 대한 "beans" 접두어가 바인드되지 않았습니다.
2016-01-25 23:15:21,525 ERROR [Worker-24] - System.err - [Fatal Error] :12:59: "beans:property" 요소에 대한 "beans" 접두어가 바인드되지 않았습니다.
2016-01-25 23:15:24,395 ERROR [Worker-33] - System.err - [Fatal Error] :12:59: "beans:property" 요소에 대한 "beans" 접두어가 바인드되지 않았습니다.
2016-01-25 23:15:58,832 ERROR [Worker-29] - System.err - [Fatal Error] :12:59: "beans:property" 요소에 대한 "beans" 접두어가 바인드되지 않았습니다.
2016-01-25 23:16:35,096 ERROR [Worker-23] - System.err - [Fatal Error] :11:77: "beans:bean" 요소에 대한 "beans" 접두어가 바인드되지 않았습니다.
2016-01-25 23:16:37,890 ERROR [Worker-26] - System.err - [Fatal Error] :13:48: "beans:property" 요소에 대한 "beans" 접두어가 바인드되지 않았습니다.
2016-01-25 23:16:41,312 ERROR [Worker-31] - System.err - [Fatal Error] :14:8: 요소 유형 "bean"에 대한 종료 태그는 '>' 구분자로 끝나야 합니다.
2016-01-25 23:50:18,415 ERROR [Worker-58] - System.err - [Fatal Error] web.xml:24:12: XML 문서 구조는 동일한 엔티티에서 시작되고 끝나야 합니다.
2016-01-25 23:50:18,417 ERROR [Worker-58] - System.err - [Fatal Error] web.xml:24:12: XML 문서 구조는 동일한 엔티티에서 시작되고 끝나야 합니다.
2016-01-25 23:50:18,437 ERROR [Worker-58] - System.err - [Fatal Error] web.xml:24:12: XML 문서 구조는 동일한 엔티티에서 시작되고 끝나야 합니다.
2016-01-25 23:50:18,437 ERROR [Worker-58] - System.err - [Fatal Error] web.xml:24:12: XML 문서 구조는 동일한 엔티티에서 시작되고 끝나야 합니다.
2016-01-25 23:50:18,695 ERROR [Worker-56] - System.err - [Fatal Error] web.xml:24:12: XML 문서 구조는 동일한 엔티티에서 시작되고 끝나야 합니다.
2016-01-25 23:50:18,696 ERROR [Worker-56] - System.err - [Fatal Error] web.xml:24:12: XML 문서 구조는 동일한 엔티티에서 시작되고 끝나야 합니다.
2016-01-25 23:50:19,563 ERROR [Worker-58] - System.err - [Fatal Error] :24:12: XML 문서 구조는 동일한 엔티티에서 시작되고 끝나야 합니다.
2016-01-26 09:16:42,049 ERROR [Worker-21] - System.err - [Fatal Error] :134:3: 요소 유형 "profiles"은(는) 짝이 맞는 종료 태그 "</profiles>"(으)로 종료되어야 합니다.
2016-01-26 09:16:46,702 ERROR [Worker-19] - System.err - [Fatal Error] :134:3: 요소 유형 "profiles"은(는) 짝이 맞는 종료 태그 "</profiles>"(으)로 종료되어야 합니다.
